 
*** VICE Version 3.1 ***
OS compiled for: WIN64
GUI compiled for: NATIVE
CPU compiled for: X64
Compiler used: GCC-6.2.0
Current OS: Windows 10 Pro (64bit X64)
Current CPU: Intel Pentium Pro/II/III/Celeron/Core/Core 2/Atom
 
Welcome to x64sc, the free portable C64 Emulator.
 
Current VICE team members:
Martin Pottendorfer, Marco van den Heuvel, Fabrizio Gennari, Groepaz, 
Olaf Seibert, Marcus Sutton, Kajtar Zsolt, AreaScout, Bas Wassink.
 
This is free software with ABSOLUTELY NO WARRANTY.
See the "About VICE" command for more info.
 
Loading system file `C:\priv\c64\pc-tools\vice\C64\kernal'.
Loading system file `C:\priv\c64\pc-tools\vice\C64\basic'.
Loading system file `C:\priv\c64\pc-tools\vice\C64\chargen'.
Loading system file `C:\priv\c64\pc-tools\vice\PRINTER\mps803'.
Palette: Loading palette `C:\priv\c64\pc-tools\vice\PRINTER\mps803.vpl'.
Loading system file `C:\priv\c64\pc-tools\vice\PRINTER\nl10-cbm'.
Palette: Loading palette `C:\priv\c64\pc-tools\vice\PRINTER\nl10.vpl'.
NL10: Printer driver initialized.
Palette: Loading palette `C:\priv\c64\pc-tools\vice\PRINTER\1520.vpl'.
Loading system file `C:\priv\c64\pc-tools\vice\DRIVES\dos1540'.
Loading system file `C:\priv\c64\pc-tools\vice\DRIVES\dos1541'.
Loading system file `C:\priv\c64\pc-tools\vice\DRIVES\d1541II'.
Loading system file `C:\priv\c64\pc-tools\vice\DRIVES\dos1570'.
Loading system file `C:\priv\c64\pc-tools\vice\DRIVES\dos1571'.
Loading system file `C:\priv\c64\pc-tools\vice\DRIVES\dos1581'.
DriveROM: Error - 2000 ROM image not found. Hardware-level 2000 emulation is not available.
DriveROM: Error - 4000 ROM image not found. Hardware-level 4000 emulation is not available.
Loading system file `C:\priv\c64\pc-tools\vice\DRIVES\dos2031'.
Loading system file `C:\priv\c64\pc-tools\vice\DRIVES\dos2040'.
Loading system file `C:\priv\c64\pc-tools\vice\DRIVES\dos3040'.
Loading system file `C:\priv\c64\pc-tools\vice\DRIVES\dos4040'.
Loading system file `C:\priv\c64\pc-tools\vice\DRIVES\dos1001'.
Drive: Finished loading ROM images.
VIC-II: Initializing chip model "MOS8565" (63 cycles per line, 312 raster lines).
video_dx9: Failed to prepare for rendering!
Sound: Available sound devices: dx wmm dummy fs dump wav voc iff aiff mp3 flac ogg soundmovie
Keyboard: Loading keymap `C:\priv\c64\pc-tools\vice\C64\win_sym.vkm'.
AUTOSTART: Autodetecting image type of `leaf.prg'.
Filesystem Image Probe: Error - Import GCR: Unknown GCR image version 48.
Filesystem Image: Unknown disk image `leaf.prg'.
Tape: Error - Cannot open file `leaf.prg'
Error - CRT header invalid.
CART: 'leaf.prg' is not a valid CRT file.
AUTOSTART: Loading PRG file `leaf.prg' with direct RAM injection.
AUTOSTART: Resetting the machine to autostart '*'
AUTOSTART: `leaf.prg' recognized as program/p00 file.
Main CPU: starting at ($FFFC).
Main CPU: RESET.
Sound: Opened device `dx', speed 44100Hz, fragment size 5.8ms, buffer size 104ms, stereo
reSID: MOS8580, filter on, sampling rate 44100Hz - resampling, pass to 19845Hz
reSID: MOS8580, filter on, sampling rate 44100Hz - resampling, pass to 19845Hz
Drive 8: RESET.
AUTOSTART: Injecting program data at $0801 (size $34ff)
AUTOSTART: Ready
AUTOSTART: Starting program.
AUTOSTART: Done.
Writing configuration file `C:\Users\admin\AppData\Roaming\vice\3.1\vice.ini'.

Exiting...
Sound: Closing device `dx'
