 
*** VICE Version 3.1, rev 34781M ***
 
Welcome to x64sc, the free portable C64 Emulator.
 
Current VICE team members:
Marco van den Heuvel, Fabrizio Gennari, Groepaz, Olaf Seibert, Marcus Sutton, 
Kajtar Zsolt, AreaScout, Bas Wassink, Michael C. Martin.
 
This is free software with ABSOLUTELY NO WARRANTY.
See the "About VICE" command for more info.
 
Loading system file `C:\c64\pc-tools\WinVICE\C64\kernal'.
Loading system file `C:\c64\pc-tools\WinVICE\C64\basic'.
Loading system file `C:\c64\pc-tools\WinVICE\C64\chargen'.
Loading system file `C:\c64\pc-tools\WinVICE\PRINTER\mps803'.
Palette: Loading palette `C:\c64\pc-tools\WinVICE\PRINTER\mps803.vpl'.
Loading system file `C:\c64\pc-tools\WinVICE\PRINTER\nl10-cbm'.
Palette: Loading palette `C:\c64\pc-tools\WinVICE\PRINTER\nl10.vpl'.
NL10: Printer driver initialized.
Palette: Loading palette `C:\c64\pc-tools\WinVICE\PRINTER\1520.vpl'.
Loading system file `C:\c64\pc-tools\WinVICE\DRIVES\dos1540'.
Loading system file `C:\c64\pc-tools\WinVICE\DRIVES\dos1541'.
Loading system file `C:\c64\pc-tools\WinVICE\DRIVES\d1541II'.
Loading system file `C:\c64\pc-tools\WinVICE\DRIVES\dos1570'.
Loading system file `C:\c64\pc-tools\WinVICE\DRIVES\dos1571'.
Loading system file `C:\c64\pc-tools\WinVICE\DRIVES\dos1581'.
DriveROM: Error - 2000 ROM image not found. Hardware-level 2000 emulation is not available.
DriveROM: Error - 4000 ROM image not found. Hardware-level 4000 emulation is not available.
Loading system file `C:\c64\pc-tools\WinVICE\DRIVES\dos2031'.
Loading system file `C:\c64\pc-tools\WinVICE\DRIVES\dos2040'.
Loading system file `C:\c64\pc-tools\WinVICE\DRIVES\dos3040'.
Loading system file `C:\c64\pc-tools\WinVICE\DRIVES\dos4040'.
Loading system file `C:\c64\pc-tools\WinVICE\DRIVES\dos1001'.
Drive: Finished loading ROM images.
VIC-II: Initializing chip model "MOS6569R3" (63 cycles per line, 312 raster lines).
Palette: Loading palette `C:\c64\pc-tools\WinVICE\C64\pepto-pal.vpl'.
video_dx9: Failed to prepare for rendering!
Sound: Available sound devices: dx wmm dummy fs dump wav voc iff aiff mp3 flac ogg soundmovie
Keyboard: Loading keymap `C:\c64\pc-tools\WinVICE\C64\win_sym.vkm'.
AUTOSTART: Autodetecting image type of `C:\c64\src\samar\leaf_gaetano_2xSID\calming-stream.prg'.
Filesystem Image Probe: Error - Import GCR: Unknown GCR image version 48.
Filesystem Image: Unknown disk image `C:\c64\src\samar\leaf_gaetano_2xSID\calming-stream.prg'.
Tape: Error - Cannot open file `C:\c64\src\samar\leaf_gaetano_2xSID\calming-stream.prg'
Error - CRT header invalid.
CART: 'C:\c64\src\samar\leaf_gaetano_2xSID\calming-stream.prg' is not a valid CRT file.
AUTOSTART: Loading PRG file `C:\c64\src\samar\leaf_gaetano_2xSID\calming-stream.prg' with direct RAM injection.
AUTOSTART: Resetting the machine to autostart '*'
AUTOSTART: Turning Warp mode on
AUTOSTART: `C:\c64\src\samar\leaf_gaetano_2xSID\calming-stream.prg' recognized as program/p00 file.
Main CPU: starting at ($FFFC).
Main CPU: RESET.
Sound: Opened device `dx', speed 22050Hz, fragment size 2.9ms, buffer size 200ms
reSID: MOS8580, filter on, sampling rate 22050Hz - resampling, pass to 9922Hz
reSID: MOS8580, filter on, sampling rate 22050Hz - resampling, pass to 9922Hz
Drive 8: RESET.
AUTOSTART: Injecting program data at $0801 (size $1ba3)
AUTOSTART: Ready
AUTOSTART: Turning Warp mode off
AUTOSTART: Starting program.
AUTOSTART: Done.
Writing configuration file `C:\Users\Bajtek\AppData\Roaming\vice\3.1\vice.ini'.

Exiting...
Sound: Closing device `dx'
